make all --print-data-base --no-builtin-variables --no-builtin-rules --question
ls: cannot access '*.vdi': No such file or directory

ls: cannot access '*.vdi': No such file or directory

# GNU Make 4.2.1
# Built for x86_64-pc-linux-gnu
# Copyright (C) 1988-2016 Free Software Foundation, Inc.
# License GPLv3+: GNU GPL version 3 or later <http://gnu.org/licenses/gpl.html>
# This is free software: you are free to change and redistribute it.
# There is NO WARRANTY, to the extent permitted by law.
 

# Make data base, printed on Sat Dec 24 04:32:07 2022

# Variables

# automatic
<D = $(patsubst %/,%,$(dir $<))
# environment
RUBY_VERSION = ruby-3.1.2
# automatic
?F = $(notdir $?)
# environment
GP_OPEN_EDITOR = /ide/bin/remote-cli/gitpod-code
# default
.SHELLFLAGS := -c
# environment
SDKMAN_CANDIDATES_API = https://api.sdkman.io/2
# makefile (from 'Makefile', line 3)
TARGET = lupael/mikrotik
# environment
VSX_REGISTRY_URL = https://open-vsx.gitpod.io
# environment
GRADLE_HOME = /home/gitpod/.sdkman/candidates/gradle/current
# environment
rvm_path = /home/gitpod/.rvm
# environment
SUPERVISOR_ADDR = localhost:22999
# environment
GITPOD_WORKSPACE_CLASS_INFO = {"id":"g1-standard","category":"GENERAL PURPOSE","displayName":"Standard","description":"Up to 4 vCPU, 8GB memory, 30GB disk","powerups":1,"isDefault":true,"deprecated":false}
# automatic
@D = $(patsubst %/,%,$(dir $@))
# automatic
@F = $(notdir $@)
# makefile
CURDIR := /workspace/mikrotik
# default
SHELL := /bin/sh
# environment
VSCODE_NLS_CONFIG = {"locale":"en","availableLanguages":{}}
# environment
_ = /ide/node
# environment
GITPOD_THEIA_PORT = 23000
# automatic
?D = $(patsubst %/,%,$(dir $?))
# environment
POETRY_CACHE_DIR = /workspace/.pyenv_mirror/poetry
# environment
GITPOD_ANALYTICS_WRITER = segment
# environment
GO_VERSION = 1.19.4
# environment
MAVEN_HOME = /home/gitpod/.sdkman/candidates/maven/current
# makefile (from 'Makefile', line 1)
MAKEFILE_LIST :=  Makefile
# environment
GITPOD_WORKSPACE_CONTEXT_URL = https://github.com/lupael/mikrotik
# 'override' directive
GNUMAKEFLAGS := 
# environment
THEIA_WORKSPACE_ROOT = /workspace/mikrotik
# environment
INFOPATH = :/home/linuxbrew/.linuxbrew/share/info
# environment
LESSOPEN = | /usr/bin/lesspipe %s
# environment
GIT_EDITOR = /ide/bin/remote-cli/gitpod-code --wait
# environment
VSCODE_CWD = /
# default
MAKE_HOST := x86_64-pc-linux-gnu
# environment
PATH = /ide/bin/remote-cli:/home/gitpod/.nix-profile/bin:/home/gitpod/.local/bin:/home/gitpod/.sdkman/candidates/maven/current/bin:/home/gitpod/.sdkman/candidates/java/current/bin:/home/gitpod/.sdkman/candidates/gradle/current/bin:/workspace/.cargo/bin:/home/gitpod/.rvm/gems/ruby-3.1.2/bin:/home/gitpod/.rvm/gems/ruby-3.1.2@global/bin:/home/gitpod/.rvm/rubies/ruby-3.1.2/bin:/home/gitpod/.pyenv/plugins/pyenv-virtualenv/shims:/home/gitpod/.pyenv/shims:/workspace/go/bin:/home/gitpod/.nix-profile/bin:/ide/bin/remote-cli:/home/gitpod/go/bin:/home/gitpod/go-packages/bin:/home/gitpod/.nvm/versions/node/v16.19.0/bin:/home/gitpod/.yarn/bin:/home/gitpod/.pnpm:/home/gitpod/.pyenv/bin:/workspace/.rvm/bin:/home/gitpod/.cargo/bin:/home/linuxbrew/.linuxbrew/bin:/home/linuxbrew/.linuxbrew/sbin/:/home/gitpod/.local/bin:/usr/games:/usr/local/sbin:/usr/local/bin:/usr/sbin:/usr/bin:/sbin:/bin:/home/gitpod/.nvm/versions/node/v16.19.0/bin:/home/gitpod/.rvm/bin
# environment
GITPOD_OWNER_ID = 446a9a4f-688a-4308-aa94-a60df92a9a69
# makefile (from 'Makefile', line 4)
IMAGE = `ls *.vdi`
# environment
GITPOD_WORKSPACE_ID = lupael-mikrotik-wqzexf87t4p
# environment
GITPOD_INTERVAL = 30000
# environment
CARGO_HOME = /workspace/.cargo
# environment
rvm_stored_umask = 0022
# environment
GITPOD_WORKSPACE_CLUSTER_HOST = ws-us80.gitpod.io
# environment
GITPOD_ANALYTICS_SEGMENT_KEY = bUY8IRdJ42KjLOBS9LoIHMYFBD8rSzjU
# environment
SDKMAN_DIR = /home/gitpod/.sdkman
# environment
PNPM_HOME = /home/gitpod/.pnpm
# environment
GITPOD_REPO_ROOTS = /workspace/mikrotik
# environment
PIP_CACHE_DIR = /workspace/.pyenv_mirror/pip_cache
# makefile (from 'Makefile', line 2)
DOCKER = docker
# environment
GP_PYENV_MIRROR = /workspace/.pyenv_mirror
# environment
GOPATH = /workspace/go
# environment
PYTHONUSERBASE_VERSION_FILE = /workspace/.pyenv_mirror/user/.mounted_version
# environment
SDKMAN_PLATFORM = linuxx64
# environment
ELECTRON_RUN_AS_NODE = 1
# environment
PYENV_ROOT = /home/gitpod/.pyenv
# environment
VSCODE_IPC_HOOK_CLI = /tmp/vscode-ipc-ba338244-4e0e-42e4-9c7c-e134427e908b.sock
# default
 
.FEATURES := target-specific order-only second-expansion else-if shortest-stem undefine oneshell archives jobserver output-sync check-symlink load
# environment
NIX_VERSION = 2.11.0
# environment
LS_COLORS = 
# environment
VARIABLE1 = my value
# automatic
%F = $(notdir $%)
# environment
GP_PREVIEW_BROWSER = /ide/bin/remote-cli/gitpod-code --preview
# automatic
*F = $(notdir $*)
# environment
VISUAL = /ide/bin/remote-cli/gitpod-code
# environment
NIX_SSL_CERT_FILE = /etc/ssl/certs/ca-certificates.crt
# environment
rvm_bin_path = /home/gitpod/.rvm/bin
# environment
WORKSPACEKIT_WRAP_NETNS = true
# default
.LOADED := 
# environment
GEM_HOME = /home/gitpod/.rvm/gems/ruby-3.1.2
# environment
MANPATH = /home/gitpod/.nix-profile/share/man:/home/gitpod/.nix-profile/share/man::/home/linuxbrew/.linuxbrew/share/man
# environment
NODE_VERSION = 16.19.0
# environment
VSCODE_AMD_ENTRYPOINT = vs/workbench/api/node/extensionHostProcess
# environment
PYENV_SHELL = bash
# environment
HOME = /home/gitpod
# environment
THEIA_WEBVIEW_EXTERNAL_ENDPOINT = webview-{{hostname}}
# environment
LESSCLOSE = /usr/bin/lesspipe %s %s
# environment
GITPOD_CLI_APITOKEN = YvDHQ.Tv9pAe0OXp4rYbqi2v0w6jHvmV
# automatic
+F = $(notdir $+)
# environment
VSCODE_HANDLES_UNCAUGHT_ERRORS = true
# automatic
^D = $(patsubst %/,%,$(dir $^))
# environment
HOSTNAME = lupael-mikrotik-wqzexf87t4p
# environment
GP_PYENV_INIT = true
# environment
GRADLE_USER_HOME = /workspace/.gradle/
# environment
MAKELEVEL := 0
# environment
GEM_PATH = /home/gitpod/.rvm/gems/ruby-3.1.2:/home/gitpod/.rvm/gems/ruby-3.1.2@global
# environment
SDKMAN_VERSION = 5.16.0
# default
MAKE = $(MAKE_COMMAND)
# default
MAKECMDGOALS := all
# environment
IRBRC = /home/gitpod/.rvm/rubies/ruby-3.1.2/.irbrc
# environment
SHLVL = 0
# environment
NIX_PROFILES = /nix/var/nix/profiles/default /home/gitpod/.nix-profile
# environment
GITPOD_GIT_USER_NAME = Lupael
# environment
JAVA_HOME = /home/gitpod/.sdkman/candidates/java/current
# default
MAKE_VERSION := 4.2.1
# environment
USER = gitpod
# makefile
.DEFAULT_GOAL := all
# environment
GOROOT = /home/gitpod/go
# environment
GITPOD_IDE_ALIAS = code
# environment
rvm_version = 1.29.12 (latest)
# automatic
%D = $(patsubst %/,%,$(dir $%))
# environment
GITPOD_REPO_ROOT = /workspace/mikrotik
# environment
THEIA_RATELIMIT_LOG = 50
# environment
THEIA_MINI_BROWSER_HOST_PATTERN = browser-{{hostname}}
# environment
GITPOD_GIT_USER_EMAIL = lupael@i4e.com.bd
# default
MAKE_COMMAND := make
# makefile (from 'Makefile', line 5)
VERSON = $(shell echo $(IMAGE) | sed -n 's/.*\([0-9]\.[0-9][0-99]\.[0-9]\).*/\1/p')
# default
.VARIABLES := 
# environment
GITPOD_WORKSPACE_CLASS = g1-standard
# environment
GITPOD_PREVENT_METADATA_ACCESS = true
# environment
GITPOD_HOST = https://gitpod.io
# makefile
MAKEFLAGS = pqrR
# environment
MFLAGS = -pqrR
# automatic
*D = $(patsubst %/,%,$(dir $*))
# environment
NVM_DIR = /home/gitpod/.nvm
# automatic
+D = $(patsubst %/,%,$(dir $+))
# environment
PYENV_HOOK_PATH = /home/gitpod/.gp_pyenv.d
# environment
rvm_user_install_flag = 1
# environment
BROWSER = /ide/bin/helpers/browser.sh
# environment
GITPOD_MEMORY = 3489
# environment
VSCODE_HANDLES_SIGPIPE = true
# environment
GITPOD_TASKS = [{"init":"make"}]
# default
MAKEFILES := 
# environment
GITPOD_CODE_HOST = https://gitpod.io
# environment
HOMEBREW_NO_AUTO_UPDATE = 1
# automatic
<F = $(notdir $<)
# environment
GP_PYENV_FAKEROOT = /workspace/.pyenv_mirror/fakeroot
# environment
PIPENV_VENV_IN_PROJECT = true
# environment
TRIGGER_REBUILD = 1
# environment
GP_EXTERNAL_BROWSER = /ide/bin/remote-cli/gitpod-code --openExternal
# environment
SDKMAN_CANDIDATES_DIR = /home/gitpod/.sdkman/candidates
# environment
EDITOR = /ide/bin/remote-cli/gitpod-code
# environment
PWD = /workspace/mikrotik
# environment
LC_ALL = C
# environment
GITPOD_WORKSPACE_CONTEXT = {"isFile":false,"path":"","title":"lupael/mikrotik - main","ref":"main","refType":"branch","revision":"1585cb5af65ddbcb0f3883370d1bcec23e1c9a67","repository":{"cloneUrl":"https://github.com/lupael/mikrotik.git","host":"github.com","name":"mikrotik","owner":"lupael","private":false},"normalizedContextURL":"https://github.com/lupael/mikrotik","checkoutLocation":"mikrotik","additionalFiles":{".gitpod.yml":"# This configuration file was automatically generated by Gitpod.\n# Please adjust to your needs (see https://www.gitpod.io/docs/config-gitpod-file)\n# and commit this file to your remote git repository to share the goodness with others.\n\ntasks:\n  - init: make\n\n\n"}}
 
# environment
JAVA_TOOL_OPTIONS =  -Xmx3489m
# automatic
^F = $(notdir $^)
# environment
rvm_prefix = /home/gitpod
# default
SUFFIXES := 
# environment
APACHE_DOCROOT_IN_REPO = public
# environment
PYENV_VIRTUALENV_INIT = 1
# environment
NGINX_DOCROOT_IN_REPO = public
# default
.INCLUDE_DIRS = /usr/include /usr/local/include /usr/include
# environment
rvm_loaded_flag = 1
# environment
GITPOD_INSTANCE_ID = faf22d91-4d90-49a5-9d17-bab9d32efc16
# environment
GITPOD_WORKSPACE_URL = https://lupael-mikrotik-wqzexf87t4p.ws-us80.gitpod.io
# default
.RECIPEPREFIX := 
# environment
LANG = C
# environment
PYTHONUSERBASE = /workspace/.pyenv_mirror/user/current
# environment
MY_RUBY_HOME = /home/gitpod/.rvm/rubies/ruby-3.1.2
# variable set hash-table stats:
# Load=147/1024=14%, Rehash=0, Collisions=23/191=12%

# Pattern-specific Variable Values

# No pattern-specific variable values.

# Directories

# . (device 64769, inode 884998595): 23 files, no impossibilities.

# 23 files, no impossibilities in 1 directories.

# Implicit Rules

# No implicit rules.

# Files

# 'override' directive
all: .SHELLSTATUS := 0
all:
#  Command line target.
#  Implicit rule search has not been done.
#  Implicit/static pattern stem: ''
#  File does not exist.
#  File has been updated.
#  Needs to be updated (-q is set).
# automatic
# @ := all
# automatic
# % := 
# automatic
# * := 
# automatic
# + := 
# automatic
# | := 
# automatic
# < := 
# automatic
# ^ := 
# automatic
# ? := 
# variable set hash-table stats:
# Load=9/32=28%, Rehash=0, Collisions=10/26=38%
#  recipe to execute (from 'Makefile', line 8):
	@echo "Building ${TARGET}"
	$(DOCKER) build --build-arg VERSON=$(VERSON) -t $(TARGET):$(VERSON) -f Dockerfile .

# Not a target:
.SUFFIXES:
#  Implicit rule search has not been done.
#  Modification time never checked.
#  File has not been updated.

# Not a target:
Makefile:
#  Implicit rule search has been done.
#  Last modified 2022-12-24 04:31:10.279570755
#  File has been updated.
#  Successfully updated.

# Not a target:
.DEFAULT:
#  Implicit rule search has not been done.
 
#  Modification time never checked.
#  File has not been updated.

# files hash-table stats:
# Load=4/1024=0%, Rehash=0, Collisions=0/16=0%
# VPATH Search Paths

# No 'vpath' search paths.

# No general ('VPATH' variable) search path.

# strcache buffers: 1 (0) / strings = 28 / storage = 297 B / avg = 10 B
# current buf: size = 8162 B / used = 297 B / count = 28 / avg = 10 B

# strcache performance: lookups = 35 / hit rate = 20%
# hash-table stats:
# Load=28/8192=0%, Rehash=0, Collisions=1/35=3%
# Finished Make data base on Sat Dec 24 04:32:07 2022

 
